<?xml version="1.0" encoding="UTF-8"?>
<!-- Generated by org.testng.reporters.JUnitReportReporter -->
<testsuite hostname="Raja" failures="0" tests="2" name="com.pellisambandhalu.sanitytestcases.TC_003_VerifyScreenShotFunctionality" time="0.349" errors="0" timestamp="2024-07-15T18:11:25 IST" skipped="0">
  <testcase classname="com.pellisambandhalu.sanitytestcases.TC_003_VerifyScreenShotFunctionality" name="getCurrentTime" time="0.002"/>
  <system-out/>
  <testcase classname="com.pellisambandhalu.sanitytestcases.TC_003_VerifyScreenShotFunctionality" name="verifyScreenShotFunctionality" time="0.347"/>
  <system-out/>
</testsuite> <!-- com.pellisambandhalu.sanitytestcases.TC_003_VerifyScreenShotFunctionality -->
