<?xml version="1.0" encoding="UTF-8"?>
<!-- Generated by org.testng.reporters.JUnitReportReporter -->
<testsuite hostname="Raja" failures="0" tests="1" name="com.pellisambandhalu.sanitytestcases.TC_005_VerifyTheReportGeneration" time="8.372" errors="0" timestamp="2024-07-15T18:11:24 IST" skipped="0">
  <testcase classname="com.pellisambandhalu.sanitytestcases.TC_005_VerifyTheReportGeneration" name="reportGeneration" time="8.372"/>
  <system-out/>
</testsuite> <!-- com.pellisambandhalu.sanitytestcases.TC_005_VerifyTheReportGeneration -->
