<?xml version="1.0" encoding="UTF-8"?>
<!-- Generated by org.testng.reporters.JUnitReportReporter -->
<testsuite hostname="Raja" failures="0" tests="2" name="com.pellisambandhalu.sanitytestcases.TC_003_VerifyScreenShotFunctionality" time="0.248" errors="0" timestamp="2024-07-18T13:37:18 IST" skipped="0">
  <testcase classname="com.pellisambandhalu.sanitytestcases.TC_003_VerifyScreenShotFunctionality" name="verifyScreenShotFunctionality" time="0.243"/>
  <system-out/>
  <testcase classname="com.pellisambandhalu.sanitytestcases.TC_003_VerifyScreenShotFunctionality" name="getCurrentTime" time="0.005"/>
  <system-out/>
</testsuite> <!-- com.pellisambandhalu.sanitytestcases.TC_003_VerifyScreenShotFunctionality -->
