<?xml version="1.0" encoding="UTF-8"?>
<!-- Generated by org.testng.reporters.JUnitReportReporter -->
<testsuite hostname="Raja" failures="0" tests="1" name="com.pellisambandhalu.sanitytestcases.TC_005_VerifyTheReportGeneration" time="9.910" errors="0" timestamp="2024-07-18T13:37:18 IST" skipped="0">
  <testcase classname="com.pellisambandhalu.sanitytestcases.TC_005_VerifyTheReportGeneration" name="reportGeneration" time="9.910"/>
  <system-out/>
</testsuite> <!-- com.pellisambandhalu.sanitytestcases.TC_005_VerifyTheReportGeneration -->
