<?xml version="1.0" encoding="UTF-8"?>
<testsuite xmlns:xsi="http://www.w3.org/2001/XMLSchema-instance" xsi:noNamespaceSchemaLocation="https://maven.apache.org/surefire/maven-surefire-plugin/xsd/surefire-test-report-3.0.xsd" version="3.0" name="TestSuite" time="27.256" tests="38" errors="0" skipped="0" failures="0">
  <properties>
    <property name="java.specification.version" value="17"/>
    <property name="sun.cpu.isalist" value="amd64"/>
    <property name="sun.jnu.encoding" value="Cp1252"/>
    <property name="java.class.path" value="C:\Users\rajav\eclipse-workspace\maven\pellisambandhalu\pellisambandhalu\target\test-classes;C:\Users\rajav\eclipse-workspace\maven\pellisambandhalu\pellisambandhalu\target\classes;C:\Users\rajav\.m2\repository\org\seleniumhq\selenium\selenium-java\4.11.0\selenium-java-4.11.0.jar;C:\Users\rajav\.m2\repository\org\seleniumhq\selenium\selenium-api\4.11.0\selenium-api-4.11.0.jar;C:\Users\rajav\.m2\repository\org\seleniumhq\selenium\selenium-chrome-driver\4.11.0\selenium-chrome-driver-4.11.0.jar;C:\Users\rajav\.m2\repository\com\google\auto\service\auto-service-annotations\1.0.1\auto-service-annotations-1.0.1.jar;C:\Users\rajav\.m2\repository\com\google\guava\guava\31.1-jre\guava-31.1-jre.jar;C:\Users\rajav\.m2\repository\com\google\guava\failureaccess\1.0.1\failureaccess-1.0.1.jar;C:\Users\rajav\.m2\repository\com\google\guava\listenablefuture\9999.0-empty-to-avoid-conflict-with-guava\listenablefuture-9999.0-empty-to-avoid-conflict-with-guava.jar;C:\Users\rajav\.m2\repository\com\google\code\findbugs\jsr305\3.0.2\jsr305-3.0.2.jar;C:\Users\rajav\.m2\repository\org\checkerframework\checker-qual\3.12.0\checker-qual-3.12.0.jar;C:\Users\rajav\.m2\repository\com\google\errorprone\error_prone_annotations\2.11.0\error_prone_annotations-2.11.0.jar;C:\Users\rajav\.m2\repository\com\google\j2objc\j2objc-annotations\1.3\j2objc-annotations-1.3.jar;C:\Users\rajav\.m2\repository\org\seleniumhq\selenium\selenium-chromium-driver\4.11.0\selenium-chromium-driver-4.11.0.jar;C:\Users\rajav\.m2\repository\org\seleniumhq\selenium\selenium-json\4.11.0\selenium-json-4.11.0.jar;C:\Users\rajav\.m2\repository\org\seleniumhq\selenium\selenium-manager\4.11.0\selenium-manager-4.11.0.jar;C:\Users\rajav\.m2\repository\org\seleniumhq\selenium\selenium-devtools-v113\4.11.0\selenium-devtools-v113-4.11.0.jar;C:\Users\rajav\.m2\repository\org\seleniumhq\selenium\selenium-devtools-v114\4.11.0\selenium-devtools-v114-4.11.0.jar;C:\Users\rajav\.m2\repository\org\seleniumhq\selenium\selenium-devtools-v115\4.11.0\selenium-devtools-v115-4.11.0.jar;C:\Users\rajav\.m2\repository\org\seleniumhq\selenium\selenium-devtools-v85\4.11.0\selenium-devtools-v85-4.11.0.jar;C:\Users\rajav\.m2\repository\org\seleniumhq\selenium\selenium-edge-driver\4.11.0\selenium-edge-driver-4.11.0.jar;C:\Users\rajav\.m2\repository\org\seleniumhq\selenium\selenium-firefox-driver\4.11.0\selenium-firefox-driver-4.11.0.jar;C:\Users\rajav\.m2\repository\org\seleniumhq\selenium\selenium-http\4.11.0\selenium-http-4.11.0.jar;C:\Users\rajav\.m2\repository\dev\failsafe\failsafe\3.3.1\failsafe-3.3.1.jar;C:\Users\rajav\.m2\repository\org\seleniumhq\selenium\selenium-ie-driver\4.11.0\selenium-ie-driver-4.11.0.jar;C:\Users\rajav\.m2\repository\org\seleniumhq\selenium\selenium-remote-driver\4.11.0\selenium-remote-driver-4.11.0.jar;C:\Users\rajav\.m2\repository\io\netty\netty-buffer\4.1.92.Final\netty-buffer-4.1.92.Final.jar;C:\Users\rajav\.m2\repository\io\netty\netty-codec-http\4.1.92.Final\netty-codec-http-4.1.92.Final.jar;C:\Users\rajav\.m2\repository\io\netty\netty-codec\4.1.92.Final\netty-codec-4.1.92.Final.jar;C:\Users\rajav\.m2\repository\io\netty\netty-handler\4.1.92.Final\netty-handler-4.1.92.Final.jar;C:\Users\rajav\.m2\repository\io\netty\netty-common\4.1.92.Final\netty-common-4.1.92.Final.jar;C:\Users\rajav\.m2\repository\io\netty\netty-transport-classes-epoll\4.1.92.Final\netty-transport-classes-epoll-4.1.92.Final.jar;C:\Users\rajav\.m2\repository\io\netty\netty-transport-classes-kqueue\4.1.92.Final\netty-transport-classes-kqueue-4.1.92.Final.jar;C:\Users\rajav\.m2\repository\io\netty\netty-transport-native-epoll\4.1.92.Final\netty-transport-native-epoll-4.1.92.Final.jar;C:\Users\rajav\.m2\repository\io\netty\netty-transport-native-kqueue\4.1.92.Final\netty-transport-native-kqueue-4.1.92.Final.jar;C:\Users\rajav\.m2\repository\io\netty\netty-transport-native-unix-common\4.1.92.Final\netty-transport-native-unix-common-4.1.92.Final.jar;C:\Users\rajav\.m2\repository\io\netty\netty-transport\4.1.92.Final\netty-transport-4.1.92.Final.jar;C:\Users\rajav\.m2\repository\io\netty\netty-resolver\4.1.92.Final\netty-resolver-4.1.92.Final.jar;C:\Users\rajav\.m2\repository\io\opentelemetry\opentelemetry-api\1.26.0\opentelemetry-api-1.26.0.jar;C:\Users\rajav\.m2\repository\io\opentelemetry\opentelemetry-context\1.26.0\opentelemetry-context-1.26.0.jar;C:\Users\rajav\.m2\repository\io\opentelemetry\opentelemetry-exporter-logging\1.26.0\opentelemetry-exporter-logging-1.26.0.jar;C:\Users\rajav\.m2\repository\io\opentelemetry\opentelemetry-sdk-metrics\1.26.0\opentelemetry-sdk-metrics-1.26.0.jar;C:\Users\rajav\.m2\repository\io\opentelemetry\opentelemetry-extension-incubator\1.26.0-alpha\opentelemetry-extension-incubator-1.26.0-alpha.jar;C:\Users\rajav\.m2\repository\io\opentelemetry\opentelemetry-sdk-logs\1.26.0-alpha\opentelemetry-sdk-logs-1.26.0-alpha.jar;C:\Users\rajav\.m2\repository\io\opentelemetry\opentelemetry-api-logs\1.26.0-alpha\opentelemetry-api-logs-1.26.0-alpha.jar;C:\Users\rajav\.m2\repository\io\opentelemetry\opentelemetry-api-events\1.26.0-alpha\opentelemetry-api-events-1.26.0-alpha.jar;C:\Users\rajav\.m2\repository\io\opentelemetry\opentelemetry-sdk-common\1.26.0\opentelemetry-sdk-common-1.26.0.jar;C:\Users\rajav\.m2\repository\io\opentelemetry\opentelemetry-sdk-extension-autoconfigure-spi\1.26.0\opentelemetry-sdk-extension-autoconfigure-spi-1.26.0.jar;C:\Users\rajav\.m2\repository\io\opentelemetry\opentelemetry-sdk-extension-autoconfigure\1.26.0-alpha\opentelemetry-sdk-extension-autoconfigure-1.26.0-alpha.jar;C:\Users\rajav\.m2\repository\io\opentelemetry\opentelemetry-sdk-trace\1.26.0\opentelemetry-sdk-trace-1.26.0.jar;C:\Users\rajav\.m2\repository\io\opentelemetry\opentelemetry-sdk\1.26.0\opentelemetry-sdk-1.26.0.jar;C:\Users\rajav\.m2\repository\io\opentelemetry\opentelemetry-semconv\1.26.0-alpha\opentelemetry-semconv-1.26.0-alpha.jar;C:\Users\rajav\.m2\repository\net\bytebuddy\byte-buddy\1.14.4\byte-buddy-1.14.4.jar;C:\Users\rajav\.m2\repository\org\apache\commons\commons-exec\1.3\commons-exec-1.3.jar;C:\Users\rajav\.m2\repository\org\asynchttpclient\async-http-client\2.12.3\async-http-client-2.12.3.jar;C:\Users\rajav\.m2\repository\org\asynchttpclient\async-http-client-netty-utils\2.12.3\async-http-client-netty-utils-2.12.3.jar;C:\Users\rajav\.m2\repository\io\netty\netty-codec-socks\4.1.60.Final\netty-codec-socks-4.1.60.Final.jar;C:\Users\rajav\.m2\repository\io\netty\netty-handler-proxy\4.1.60.Final\netty-handler-proxy-4.1.60.Final.jar;C:\Users\rajav\.m2\repository\io\netty\netty-transport-native-epoll\4.1.60.Final\netty-transport-native-epoll-4.1.60.Final-linux-x86_64.jar;C:\Users\rajav\.m2\repository\io\netty\netty-transport-native-kqueue\4.1.60.Final\netty-transport-native-kqueue-4.1.60.Final-osx-x86_64.jar;C:\Users\rajav\.m2\repository\com\typesafe\netty\netty-reactive-streams\2.0.4\netty-reactive-streams-2.0.4.jar;C:\Users\rajav\.m2\repository\org\slf4j\slf4j-api\1.7.30\slf4j-api-1.7.30.jar;C:\Users\rajav\.m2\repository\com\sun\activation\jakarta.activation\1.2.2\jakarta.activation-1.2.2.jar;C:\Users\rajav\.m2\repository\org\seleniumhq\selenium\selenium-safari-driver\4.11.0\selenium-safari-driver-4.11.0.jar;C:\Users\rajav\.m2\repository\org\seleniumhq\selenium\selenium-support\4.11.0\selenium-support-4.11.0.jar;C:\Users\rajav\.m2\repository\org\testng\testng\7.4.0\testng-7.4.0.jar;C:\Users\rajav\.m2\repository\com\beust\jcommander\1.78\jcommander-1.78.jar;C:\Users\rajav\.m2\repository\org\webjars\jquery\3.5.1\jquery-3.5.1.jar;C:\Users\rajav\.m2\repository\org\apache\poi\poi-ooxml\5.2.2\poi-ooxml-5.2.2.jar;C:\Users\rajav\.m2\repository\org\apache\poi\poi\5.2.2\poi-5.2.2.jar;C:\Users\rajav\.m2\repository\commons-codec\commons-codec\1.15\commons-codec-1.15.jar;C:\Users\rajav\.m2\repository\org\apache\commons\commons-math3\3.6.1\commons-math3-3.6.1.jar;C:\Users\rajav\.m2\repository\com\zaxxer\SparseBitSet\1.2\SparseBitSet-1.2.jar;C:\Users\rajav\.m2\repository\org\apache\poi\poi-ooxml-lite\5.2.2\poi-ooxml-lite-5.2.2.jar;C:\Users\rajav\.m2\repository\org\apache\xmlbeans\xmlbeans\5.0.3\xmlbeans-5.0.3.jar;C:\Users\rajav\.m2\repository\org\apache\commons\commons-compress\1.21\commons-compress-1.21.jar;C:\Users\rajav\.m2\repository\commons-io\commons-io\2.11.0\commons-io-2.11.0.jar;C:\Users\rajav\.m2\repository\com\github\virtuald\curvesapi\1.07\curvesapi-1.07.jar;C:\Users\rajav\.m2\repository\org\apache\logging\log4j\log4j-api\2.17.2\log4j-api-2.17.2.jar;C:\Users\rajav\.m2\repository\org\apache\commons\commons-collections4\4.4\commons-collections4-4.4.jar;C:\Users\rajav\.m2\repository\com\aventstack\extentreports\5.0.8\extentreports-5.0.8.jar;C:\Users\rajav\.m2\repository\io\reactivex\rxjava3\rxjava\3.0.4\rxjava-3.0.4.jar;C:\Users\rajav\.m2\repository\org\reactivestreams\reactive-streams\1.0.3\reactive-streams-1.0.3.jar;C:\Users\rajav\.m2\repository\org\freemarker\freemarker\2.3.30\freemarker-2.3.30.jar;C:\Users\rajav\.m2\repository\org\projectlombok\lombok\1.18.12\lombok-1.18.12.jar;C:\Users\rajav\.m2\repository\com\google\code\gson\gson\2.8.6\gson-2.8.6.jar;"/>
    <property name="java.vm.vendor" value="Oracle Corporation"/>
    <property name="sun.arch.data.model" value="64"/>
    <property name="user.variant" value=""/>
    <property name="java.vendor.url" value="https://java.oracle.com/"/>
    <property name="user.timezone" value="Asia/Calcutta"/>
    <property name="os.name" value="Windows 11"/>
    <property name="java.vm.specification.version" value="17"/>
    <property name="sun.java.launcher" value="SUN_STANDARD"/>
    <property name="user.country" value="IN"/>
    <property name="sun.boot.library.path" value="C:\Program Files\Java\jdk-17.0.5\bin"/>
    <property name="sun.java.command" value="C:\Users\rajav\AppData\Local\Temp\surefire2205332528948960296\surefirebooter-20240718133650415_3.jar C:\Users\rajav\AppData\Local\Temp\surefire2205332528948960296 2024-07-18T13-36-50_168-jvmRun1 surefire-20240718133650415_1tmp surefire_0-20240718133650415_2tmp"/>
    <property name="jdk.debug" value="release"/>
    <property name="surefire.test.class.path" value="C:\Users\rajav\eclipse-workspace\maven\pellisambandhalu\pellisambandhalu\target\test-classes;C:\Users\rajav\eclipse-workspace\maven\pellisambandhalu\pellisambandhalu\target\classes;C:\Users\rajav\.m2\repository\org\seleniumhq\selenium\selenium-java\4.11.0\selenium-java-4.11.0.jar;C:\Users\rajav\.m2\repository\org\seleniumhq\selenium\selenium-api\4.11.0\selenium-api-4.11.0.jar;C:\Users\rajav\.m2\repository\org\seleniumhq\selenium\selenium-chrome-driver\4.11.0\selenium-chrome-driver-4.11.0.jar;C:\Users\rajav\.m2\repository\com\google\auto\service\auto-service-annotations\1.0.1\auto-service-annotations-1.0.1.jar;C:\Users\rajav\.m2\repository\com\google\guava\guava\31.1-jre\guava-31.1-jre.jar;C:\Users\rajav\.m2\repository\com\google\guava\failureaccess\1.0.1\failureaccess-1.0.1.jar;C:\Users\rajav\.m2\repository\com\google\guava\listenablefuture\9999.0-empty-to-avoid-conflict-with-guava\listenablefuture-9999.0-empty-to-avoid-conflict-with-guava.jar;C:\Users\rajav\.m2\repository\com\google\code\findbugs\jsr305\3.0.2\jsr305-3.0.2.jar;C:\Users\rajav\.m2\repository\org\checkerframework\checker-qual\3.12.0\checker-qual-3.12.0.jar;C:\Users\rajav\.m2\repository\com\google\errorprone\error_prone_annotations\2.11.0\error_prone_annotations-2.11.0.jar;C:\Users\rajav\.m2\repository\com\google\j2objc\j2objc-annotations\1.3\j2objc-annotations-1.3.jar;C:\Users\rajav\.m2\repository\org\seleniumhq\selenium\selenium-chromium-driver\4.11.0\selenium-chromium-driver-4.11.0.jar;C:\Users\rajav\.m2\repository\org\seleniumhq\selenium\selenium-json\4.11.0\selenium-json-4.11.0.jar;C:\Users\rajav\.m2\repository\org\seleniumhq\selenium\selenium-manager\4.11.0\selenium-manager-4.11.0.jar;C:\Users\rajav\.m2\repository\org\seleniumhq\selenium\selenium-devtools-v113\4.11.0\selenium-devtools-v113-4.11.0.jar;C:\Users\rajav\.m2\repository\org\seleniumhq\selenium\selenium-devtools-v114\4.11.0\selenium-devtools-v114-4.11.0.jar;C:\Users\rajav\.m2\repository\org\seleniumhq\selenium\selenium-devtools-v115\4.11.0\selenium-devtools-v115-4.11.0.jar;C:\Users\rajav\.m2\repository\org\seleniumhq\selenium\selenium-devtools-v85\4.11.0\selenium-devtools-v85-4.11.0.jar;C:\Users\rajav\.m2\repository\org\seleniumhq\selenium\selenium-edge-driver\4.11.0\selenium-edge-driver-4.11.0.jar;C:\Users\rajav\.m2\repository\org\seleniumhq\selenium\selenium-firefox-driver\4.11.0\selenium-firefox-driver-4.11.0.jar;C:\Users\rajav\.m2\repository\org\seleniumhq\selenium\selenium-http\4.11.0\selenium-http-4.11.0.jar;C:\Users\rajav\.m2\repository\dev\failsafe\failsafe\3.3.1\failsafe-3.3.1.jar;C:\Users\rajav\.m2\repository\org\seleniumhq\selenium\selenium-ie-driver\4.11.0\selenium-ie-driver-4.11.0.jar;C:\Users\rajav\.m2\repository\org\seleniumhq\selenium\selenium-remote-driver\4.11.0\selenium-remote-driver-4.11.0.jar;C:\Users\rajav\.m2\repository\io\netty\netty-buffer\4.1.92.Final\netty-buffer-4.1.92.Final.jar;C:\Users\rajav\.m2\repository\io\netty\netty-codec-http\4.1.92.Final\netty-codec-http-4.1.92.Final.jar;C:\Users\rajav\.m2\repository\io\netty\netty-codec\4.1.92.Final\netty-codec-4.1.92.Final.jar;C:\Users\rajav\.m2\repository\io\netty\netty-handler\4.1.92.Final\netty-handler-4.1.92.Final.jar;C:\Users\rajav\.m2\repository\io\netty\netty-common\4.1.92.Final\netty-common-4.1.92.Final.jar;C:\Users\rajav\.m2\repository\io\netty\netty-transport-classes-epoll\4.1.92.Final\netty-transport-classes-epoll-4.1.92.Final.jar;C:\Users\rajav\.m2\repository\io\netty\netty-transport-classes-kqueue\4.1.92.Final\netty-transport-classes-kqueue-4.1.92.Final.jar;C:\Users\rajav\.m2\repository\io\netty\netty-transport-native-epoll\4.1.92.Final\netty-transport-native-epoll-4.1.92.Final.jar;C:\Users\rajav\.m2\repository\io\netty\netty-transport-native-kqueue\4.1.92.Final\netty-transport-native-kqueue-4.1.92.Final.jar;C:\Users\rajav\.m2\repository\io\netty\netty-transport-native-unix-common\4.1.92.Final\netty-transport-native-unix-common-4.1.92.Final.jar;C:\Users\rajav\.m2\repository\io\netty\netty-transport\4.1.92.Final\netty-transport-4.1.92.Final.jar;C:\Users\rajav\.m2\repository\io\netty\netty-resolver\4.1.92.Final\netty-resolver-4.1.92.Final.jar;C:\Users\rajav\.m2\repository\io\opentelemetry\opentelemetry-api\1.26.0\opentelemetry-api-1.26.0.jar;C:\Users\rajav\.m2\repository\io\opentelemetry\opentelemetry-context\1.26.0\opentelemetry-context-1.26.0.jar;C:\Users\rajav\.m2\repository\io\opentelemetry\opentelemetry-exporter-logging\1.26.0\opentelemetry-exporter-logging-1.26.0.jar;C:\Users\rajav\.m2\repository\io\opentelemetry\opentelemetry-sdk-metrics\1.26.0\opentelemetry-sdk-metrics-1.26.0.jar;C:\Users\rajav\.m2\repository\io\opentelemetry\opentelemetry-extension-incubator\1.26.0-alpha\opentelemetry-extension-incubator-1.26.0-alpha.jar;C:\Users\rajav\.m2\repository\io\opentelemetry\opentelemetry-sdk-logs\1.26.0-alpha\opentelemetry-sdk-logs-1.26.0-alpha.jar;C:\Users\rajav\.m2\repository\io\opentelemetry\opentelemetry-api-logs\1.26.0-alpha\opentelemetry-api-logs-1.26.0-alpha.jar;C:\Users\rajav\.m2\repository\io\opentelemetry\opentelemetry-api-events\1.26.0-alpha\opentelemetry-api-events-1.26.0-alpha.jar;C:\Users\rajav\.m2\repository\io\opentelemetry\opentelemetry-sdk-common\1.26.0\opentelemetry-sdk-common-1.26.0.jar;C:\Users\rajav\.m2\repository\io\opentelemetry\opentelemetry-sdk-extension-autoconfigure-spi\1.26.0\opentelemetry-sdk-extension-autoconfigure-spi-1.26.0.jar;C:\Users\rajav\.m2\repository\io\opentelemetry\opentelemetry-sdk-extension-autoconfigure\1.26.0-alpha\opentelemetry-sdk-extension-autoconfigure-1.26.0-alpha.jar;C:\Users\rajav\.m2\repository\io\opentelemetry\opentelemetry-sdk-trace\1.26.0\opentelemetry-sdk-trace-1.26.0.jar;C:\Users\rajav\.m2\repository\io\opentelemetry\opentelemetry-sdk\1.26.0\opentelemetry-sdk-1.26.0.jar;C:\Users\rajav\.m2\repository\io\opentelemetry\opentelemetry-semconv\1.26.0-alpha\opentelemetry-semconv-1.26.0-alpha.jar;C:\Users\rajav\.m2\repository\net\bytebuddy\byte-buddy\1.14.4\byte-buddy-1.14.4.jar;C:\Users\rajav\.m2\repository\org\apache\commons\commons-exec\1.3\commons-exec-1.3.jar;C:\Users\rajav\.m2\repository\org\asynchttpclient\async-http-client\2.12.3\async-http-client-2.12.3.jar;C:\Users\rajav\.m2\repository\org\asynchttpclient\async-http-client-netty-utils\2.12.3\async-http-client-netty-utils-2.12.3.jar;C:\Users\rajav\.m2\repository\io\netty\netty-codec-socks\4.1.60.Final\netty-codec-socks-4.1.60.Final.jar;C:\Users\rajav\.m2\repository\io\netty\netty-handler-proxy\4.1.60.Final\netty-handler-proxy-4.1.60.Final.jar;C:\Users\rajav\.m2\repository\io\netty\netty-transport-native-epoll\4.1.60.Final\netty-transport-native-epoll-4.1.60.Final-linux-x86_64.jar;C:\Users\rajav\.m2\repository\io\netty\netty-transport-native-kqueue\4.1.60.Final\netty-transport-native-kqueue-4.1.60.Final-osx-x86_64.jar;C:\Users\rajav\.m2\repository\com\typesafe\netty\netty-reactive-streams\2.0.4\netty-reactive-streams-2.0.4.jar;C:\Users\rajav\.m2\repository\org\slf4j\slf4j-api\1.7.30\slf4j-api-1.7.30.jar;C:\Users\rajav\.m2\repository\com\sun\activation\jakarta.activation\1.2.2\jakarta.activation-1.2.2.jar;C:\Users\rajav\.m2\repository\org\seleniumhq\selenium\selenium-safari-driver\4.11.0\selenium-safari-driver-4.11.0.jar;C:\Users\rajav\.m2\repository\org\seleniumhq\selenium\selenium-support\4.11.0\selenium-support-4.11.0.jar;C:\Users\rajav\.m2\repository\org\testng\testng\7.4.0\testng-7.4.0.jar;C:\Users\rajav\.m2\repository\com\beust\jcommander\1.78\jcommander-1.78.jar;C:\Users\rajav\.m2\repository\org\webjars\jquery\3.5.1\jquery-3.5.1.jar;C:\Users\rajav\.m2\repository\org\apache\poi\poi-ooxml\5.2.2\poi-ooxml-5.2.2.jar;C:\Users\rajav\.m2\repository\org\apache\poi\poi\5.2.2\poi-5.2.2.jar;C:\Users\rajav\.m2\repository\commons-codec\commons-codec\1.15\commons-codec-1.15.jar;C:\Users\rajav\.m2\repository\org\apache\commons\commons-math3\3.6.1\commons-math3-3.6.1.jar;C:\Users\rajav\.m2\repository\com\zaxxer\SparseBitSet\1.2\SparseBitSet-1.2.jar;C:\Users\rajav\.m2\repository\org\apache\poi\poi-ooxml-lite\5.2.2\poi-ooxml-lite-5.2.2.jar;C:\Users\rajav\.m2\repository\org\apache\xmlbeans\xmlbeans\5.0.3\xmlbeans-5.0.3.jar;C:\Users\rajav\.m2\repository\org\apache\commons\commons-compress\1.21\commons-compress-1.21.jar;C:\Users\rajav\.m2\repository\commons-io\commons-io\2.11.0\commons-io-2.11.0.jar;C:\Users\rajav\.m2\repository\com\github\virtuald\curvesapi\1.07\curvesapi-1.07.jar;C:\Users\rajav\.m2\repository\org\apache\logging\log4j\log4j-api\2.17.2\log4j-api-2.17.2.jar;C:\Users\rajav\.m2\repository\org\apache\commons\commons-collections4\4.4\commons-collections4-4.4.jar;C:\Users\rajav\.m2\repository\com\aventstack\extentreports\5.0.8\extentreports-5.0.8.jar;C:\Users\rajav\.m2\repository\io\reactivex\rxjava3\rxjava\3.0.4\rxjava-3.0.4.jar;C:\Users\rajav\.m2\repository\org\reactivestreams\reactive-streams\1.0.3\reactive-streams-1.0.3.jar;C:\Users\rajav\.m2\repository\org\freemarker\freemarker\2.3.30\freemarker-2.3.30.jar;C:\Users\rajav\.m2\repository\org\projectlombok\lombok\1.18.12\lombok-1.18.12.jar;C:\Users\rajav\.m2\repository\com\google\code\gson\gson\2.8.6\gson-2.8.6.jar;"/>
    <property name="sun.cpu.endian" value="little"/>
    <property name="user.home" value="C:\Users\rajav"/>
    <property name="user.language" value="en"/>
    <property name="java.specification.vendor" value="Oracle Corporation"/>
    <property name="java.version.date" value="2022-10-18"/>
    <property name="java.home" value="C:\Program Files\Java\jdk-17.0.5"/>
    <property name="file.separator" value="\"/>
    <property name="basedir" value="C:\Users\rajav\eclipse-workspace\maven\pellisambandhalu\pellisambandhalu"/>
    <property name="java.vm.compressedOopsMode" value="32-bit"/>
    <property name="line.separator" value="&#10;"/>
    <property name="java.vm.specification.vendor" value="Oracle Corporation"/>
    <property name="java.specification.name" value="Java Platform API Specification"/>
    <property name="surefire.real.class.path" value="C:\Users\rajav\AppData\Local\Temp\surefire2205332528948960296\surefirebooter-20240718133650415_3.jar"/>
    <property name="user.script" value=""/>
    <property name="sun.management.compiler" value="HotSpot 64-Bit Tiered Compilers"/>
    <property name="java.runtime.version" value="17.0.5+9-LTS-191"/>
    <property name="user.name" value="rajav"/>
    <property name="path.separator" value=";"/>
    <property name="os.version" value="10.0"/>
    <property name="java.runtime.name" value="Java(TM) SE Runtime Environment"/>
    <property name="file.encoding" value="Cp1252"/>
    <property name="java.vm.name" value="Java HotSpot(TM) 64-Bit Server VM"/>
    <property name="localRepository" value="C:\Users\rajav\.m2\repository"/>
    <property name="java.vendor.url.bug" value="https://bugreport.java.com/bugreport/"/>
    <property name="java.io.tmpdir" value="C:\Users\rajav\AppData\Local\Temp\"/>
    <property name="java.version" value="17.0.5"/>
    <property name="user.dir" value="C:\Users\rajav\eclipse-workspace\maven\pellisambandhalu\pellisambandhalu"/>
    <property name="os.arch" value="amd64"/>
    <property name="java.vm.specification.name" value="Java Virtual Machine Specification"/>
    <property name="sun.os.patch.level" value=""/>
    <property name="native.encoding" value="Cp1252"/>
    <property name="java.library.path" value="C:\Program Files\Java\jdk-17.0.5\bin;C:\WINDOWS\Sun\Java\bin;C:\WINDOWS\system32;C:\WINDOWS;C:\Program Files (x86)\TRICENTIS\Tosca Testsuite\ToscaCommander;;C:\Program Files\Common Files\Oracle\Java\javapath;C:\Program Files (x86)\Common Files\Oracle\Java\javapath;C:\WINDOWS\system32;C:\WINDOWS;C:\WINDOWS\System32\Wbem;C:\WINDOWS\System32\WindowsPowerShell\v1.0\;C:\WINDOWS\System32\OpenSSH\;C:\Users\ApacheMaven\apache-maven-3.8.8\bin;C:\Program Files\Git\cmd;C:\Program Files\nodejs\;C:\Program Files\nodejs\node_modules;C:\Program Files\Java\jdk-17.0.5\bin;C:\Program Files\dotnet\;C:\Program Files (x86)\Microsoft SQL Server\160\Tools\Binn\;C:\Program Files\Microsoft SQL Server\160\Tools\Binn\;C:\Program Files\Microsoft SQL Server\Client SDK\ODBC\170\Tools\Binn\;C:\Program Files\Microsoft SQL Server\160\DTS\Binn\;C:\Program Files (x86)\Microsoft SQL Server\160\DTS\Binn\;C:\Users\rajav\AppData\Local\Microsoft\WindowsApps;C:\Users\rajav\AppData\Roaming\npm;C:\Users\rajav\AppData\Local\Programs\Microsoft VS Code\bin;C:\Program Files\sf\bin;."/>
    <property name="java.vm.info" value="mixed mode, sharing"/>
    <property name="java.vendor" value="Oracle Corporation"/>
    <property name="java.vm.version" value="17.0.5+9-LTS-191"/>
    <property name="sun.io.unicode.encoding" value="UnicodeLittle"/>
    <property name="java.class.version" value="61.0"/>
  </properties>
  <testcase name="reportGeneration" classname="com.pellisambandhalu.sanitytestcases.TC_005_VerifyTheReportGeneration" time="9.91">
    <system-err><![CDATA[SLF4J: Failed to load class "org.slf4j.impl.StaticLoggerBinder".
SLF4J: Defaulting to no-operation (NOP) logger implementation
SLF4J: See http://www.slf4j.org/codes.html#StaticLoggerBinder for further details.
ERROR StatusLogger Log4j2 could not find a logging implementation. Please add log4j-core to the classpath. Using SimpleLogger to log to the console...
]]></system-err>
  </testcase>
  <testcase name="verifyRegisterData[Raja, Raja1234@gmail.com, raja@123, Raja_24, Men, 9977997797](1)" classname="com.pellisambandhalu.sanitytestcases.TC_001_Verify_the_functionality_ExcelData" time="0.0">
    <system-out><![CDATA[*******Loading the FROM DATA-EXCEL*********



















Raja Raja1234@gmail.com raja@123 Raja_24 Men 9977997797
]]></system-out>
  </testcase>
  <testcase name="verifyRegisterData[Venkateswarlu, venky12@gmail.com, venky@12, Venky_23, Men, 9977123459](2)" classname="com.pellisambandhalu.sanitytestcases.TC_001_Verify_the_functionality_ExcelData" time="0.002">
    <system-out><![CDATA[Venkateswarlu venky12@gmail.com venky@12 Venky_23 Men 9977123459
]]></system-out>
  </testcase>
  <testcase name="verifyRegisterData[Sunil, sunil22@gmail.com, sunil@22, Sunil_22, Men, 9988776651](3)" classname="com.pellisambandhalu.sanitytestcases.TC_001_Verify_the_functionality_ExcelData" time="0.002">
    <system-out><![CDATA[Sunil sunil22@gmail.com sunil@22 Sunil_22 Men 9988776651
]]></system-out>
  </testcase>
  <testcase name="verifyRegisterData[Ram, ramk23@gmail.com, ram@23, Ram_22, Men, 9988123467](4)" classname="com.pellisambandhalu.sanitytestcases.TC_001_Verify_the_functionality_ExcelData" time="0.0">
    <system-out><![CDATA[Ram ramk23@gmail.com ram@23 Ram_22 Men 9988123467
]]></system-out>
  </testcase>
  <testcase name="verifyRegisterData[Priya, Priya25@gmail.com, priya@25, PriyaK_25, Women, 9676374726](5)" classname="com.pellisambandhalu.sanitytestcases.TC_001_Verify_the_functionality_ExcelData" time="0.0">
    <system-out><![CDATA[Priya Priya25@gmail.com priya@25 PriyaK_25 Women 9676374726
]]></system-out>
  </testcase>
  <testcase name="verifyRegisterData[Giridhar, giridhar27@gmail.com, Giridhar@27, Giri_27, Men, 9988776655](6)" classname="com.pellisambandhalu.sanitytestcases.TC_001_Verify_the_functionality_ExcelData" time="0.003">
    <system-out><![CDATA[Giridhar giridhar27@gmail.com Giridhar@27 Giri_27 Men 9988776655
]]></system-out>
  </testcase>
  <testcase name="verifyRegisterData[Pavan, pavan26@gmail.com, Pavan@26, Pavan_26, Men, 9911223344](7)" classname="com.pellisambandhalu.sanitytestcases.TC_001_Verify_the_functionality_ExcelData" time="0.002">
    <system-out><![CDATA[Pavan pavan26@gmail.com Pavan@26 Pavan_26 Men 9911223344
]]></system-out>
  </testcase>
  <testcase name="verifyRegisterData[Kirankumar, KiranKumar24@gmail.com, kumar@24, Kkumar_24, Men, 9933445566](8)" classname="com.pellisambandhalu.sanitytestcases.TC_001_Verify_the_functionality_ExcelData" time="0.005">
    <system-out><![CDATA[Kirankumar KiranKumar24@gmail.com kumar@24 Kkumar_24 Men 9933445566
]]></system-out>
  </testcase>
  <testcase name="verifyRegisterData[Goverdhan, goverdhan26@gmai.com, goverdhan@26, goverdhan_26, Men, 9977334567](9)" classname="com.pellisambandhalu.sanitytestcases.TC_001_Verify_the_functionality_ExcelData" time="0.0">
    <system-out><![CDATA[Goverdhan goverdhan26@gmai.com goverdhan@26 goverdhan_26 Men 9977334567
]]></system-out>
  </testcase>
  <testcase name="verifyRegisterData[Srikanth, srikanth23@gmail.com, srikanth@23, Srikanth_23, Men, 9954323498](10)" classname="com.pellisambandhalu.sanitytestcases.TC_001_Verify_the_functionality_ExcelData" time="0.0">
    <system-out><![CDATA[Srikanth srikanth23@gmail.com srikanth@23 Srikanth_23 Men 9954323498
]]></system-out>
  </testcase>
  <testcase name="verifyRegisterData[Hari, hari25@gmail.com, hari@25, Hari_25, Men, 9977556677](11)" classname="com.pellisambandhalu.sanitytestcases.TC_001_Verify_the_functionality_ExcelData" time="0.005">
    <system-out><![CDATA[Hari hari25@gmail.com hari@25 Hari_25 Men 9977556677
]]></system-out>
  </testcase>
  <testcase name="verifyRegisterData[Murali, Murali26@gmail.com, murali@26, Murali_26, Men, 9967645632](12)" classname="com.pellisambandhalu.sanitytestcases.TC_001_Verify_the_functionality_ExcelData" time="0.003">
    <system-out><![CDATA[Murali Murali26@gmail.com murali@26 Murali_26 Men 9967645632
]]></system-out>
  </testcase>
  <testcase name="verifyRegisterData[Praveenkumar, praveen26@gmail.com, praveen@26, PraveenKumar_26, Men, 6301234561](13)" classname="com.pellisambandhalu.sanitytestcases.TC_001_Verify_the_functionality_ExcelData" time="0.002">
    <system-out><![CDATA[Praveenkumar praveen26@gmail.com praveen@26 PraveenKumar_26 Men 6301234561
]]></system-out>
  </testcase>
  <testcase name="verifyRegisterData[Sreedevi, Sreedevi27@gmail.com, sreedevi@27, SreeDevi_27, Women, 9956765781](14)" classname="com.pellisambandhalu.sanitytestcases.TC_001_Verify_the_functionality_ExcelData" time="0.001">
    <system-out><![CDATA[Sreedevi Sreedevi27@gmail.com sreedevi@27 SreeDevi_27 Women 9956765781
]]></system-out>
  </testcase>
  <testcase name="verifyRegisterData[Priyanka, Priyanka25@gmail.com, Priyanka@25, Priyanka_25, Women, 6314567894](15)" classname="com.pellisambandhalu.sanitytestcases.TC_001_Verify_the_functionality_ExcelData" time="0.005">
    <system-out><![CDATA[Priyanka Priyanka25@gmail.com Priyanka@25 Priyanka_25 Women 6314567894
]]></system-out>
  </testcase>
  <testcase name="verifyRegisterData[Harshith, Haritha27@gmail.com, Haritha@27, Harshitha_27, Women, 9988776757](16)" classname="com.pellisambandhalu.sanitytestcases.TC_001_Verify_the_functionality_ExcelData" time="0.002">
    <system-out><![CDATA[Harshith Haritha27@gmail.com Haritha@27 Harshitha_27 Women 9988776757
]]></system-out>
  </testcase>
  <testcase name="verifyRegisterData[Bindhu, Bindhu25@gmail.com, Bindhu@25, Bindhu_25, Women, 6354746365](17)" classname="com.pellisambandhalu.sanitytestcases.TC_001_Verify_the_functionality_ExcelData" time="0.005">
    <system-out><![CDATA[Bindhu Bindhu25@gmail.com Bindhu@25 Bindhu_25 Women 6354746365
]]></system-out>
  </testcase>
  <testcase name="verifyRegisterData[Sindhu, Sindhu23@gmail.com, Sindhu@23, Sindhu_23, Women, 6203934567](18)" classname="com.pellisambandhalu.sanitytestcases.TC_001_Verify_the_functionality_ExcelData" time="0.004">
    <system-out><![CDATA[Sindhu Sindhu23@gmail.com Sindhu@23 Sindhu_23 Women 6203934567
]]></system-out>
  </testcase>
  <testcase name="verifyRegisterData[Preethi, Preethi29@gmail.com, Preethi@29, Preethi_29, Women, 9157672531](19)" classname="com.pellisambandhalu.sanitytestcases.TC_001_Verify_the_functionality_ExcelData" time="0.003">
    <system-out><![CDATA[Preethi Preethi29@gmail.com Preethi@29 Preethi_29 Women 9157672531
]]></system-out>
  </testcase>
  <testcase name="verifyLogInDetails[Raja1, Raja@2008](1)" classname="com.pellisambandhalu.sanitytestcases.TC_001_Verify_the_functionality_ExcelData" time="0.0">
    <system-out><![CDATA[*******Loading the FROM DATA-EXCEL*********








Raja1 Raja@2008
]]></system-out>
  </testcase>
  <testcase name="verifyLogInDetails[Raja2, Raja@2009](2)" classname="com.pellisambandhalu.sanitytestcases.TC_001_Verify_the_functionality_ExcelData" time="0.006">
    <system-out><![CDATA[Raja2 Raja@2009
]]></system-out>
  </testcase>
  <testcase name="verifyLogInDetails[Raja3, Raja@2010](3)" classname="com.pellisambandhalu.sanitytestcases.TC_001_Verify_the_functionality_ExcelData" time="0.002">
    <system-out><![CDATA[Raja3 Raja@2010
]]></system-out>
  </testcase>
  <testcase name="verifyLogInDetails[Raja4, Raja@2011](4)" classname="com.pellisambandhalu.sanitytestcases.TC_001_Verify_the_functionality_ExcelData" time="0.003">
    <system-out><![CDATA[Raja4 Raja@2011
]]></system-out>
  </testcase>
  <testcase name="verifyLogInDetails[Raja5, Raja@2012](5)" classname="com.pellisambandhalu.sanitytestcases.TC_001_Verify_the_functionality_ExcelData" time="0.003">
    <system-out><![CDATA[Raja5 Raja@2012
]]></system-out>
  </testcase>
  <testcase name="verifyLogInDetails[Raja6, Raja@2013](6)" classname="com.pellisambandhalu.sanitytestcases.TC_001_Verify_the_functionality_ExcelData" time="0.0">
    <system-out><![CDATA[Raja6 Raja@2013
]]></system-out>
  </testcase>
  <testcase name="verifyLogInDetails[Raja7, Raja@2014](7)" classname="com.pellisambandhalu.sanitytestcases.TC_001_Verify_the_functionality_ExcelData" time="0.002">
    <system-out><![CDATA[Raja7 Raja@2014
]]></system-out>
  </testcase>
  <testcase name="verifyLogInDetails[Raja8, Raja@2015](8)" classname="com.pellisambandhalu.sanitytestcases.TC_001_Verify_the_functionality_ExcelData" time="0.002">
    <system-out><![CDATA[Raja8 Raja@2015
]]></system-out>
  </testcase>
  <testcase name="verifyEmpDetails[Krishna, Naidu, TeamLead](1)" classname="com.pellisambandhalu.sanitytestcases.TC_001_Verify_the_functionality_ExcelData" time="0.002">
    <system-out><![CDATA[*******Loading the FROM DATA-EXCEL*********







Krishna Naidu TeamLead
]]></system-out>
  </testcase>
  <testcase name="verifyEmpDetails[Raja, Venkateswarlu, Test Engineer](2)" classname="com.pellisambandhalu.sanitytestcases.TC_001_Verify_the_functionality_ExcelData" time="0.007">
    <system-out><![CDATA[Raja Venkateswarlu Test Engineer
]]></system-out>
  </testcase>
  <testcase name="verifyEmpDetails[Goverdhan, Voddula, Test Engineer](3)" classname="com.pellisambandhalu.sanitytestcases.TC_001_Verify_the_functionality_ExcelData" time="0.004">
    <system-out><![CDATA[Goverdhan Voddula Test Engineer
]]></system-out>
  </testcase>
  <testcase name="verifyEmpDetails[Venkateswarlu, Gadde, Sr TesEngieer](4)" classname="com.pellisambandhalu.sanitytestcases.TC_001_Verify_the_functionality_ExcelData" time="0.0">
    <system-out><![CDATA[Venkateswarlu Gadde Sr TesEngieer
]]></system-out>
  </testcase>
  <testcase name="verifyEmpDetails[SivaRammiReddy, Mettu, Test Engineer](5)" classname="com.pellisambandhalu.sanitytestcases.TC_001_Verify_the_functionality_ExcelData" time="0.002">
    <system-out><![CDATA[SivaRammiReddy Mettu Test Engineer
]]></system-out>
  </testcase>
  <testcase name="verifyEmpDetails[Anusha, A, Sr TesEngieer](6)" classname="com.pellisambandhalu.sanitytestcases.TC_001_Verify_the_functionality_ExcelData" time="0.0">
    <system-out><![CDATA[Anusha A Sr TesEngieer
]]></system-out>
  </testcase>
  <testcase name="verifyEmpDetails[Bhanu, Sree, HrRequiter](7)" classname="com.pellisambandhalu.sanitytestcases.TC_001_Verify_the_functionality_ExcelData" time="0.003">
    <system-out><![CDATA[Bhanu Sree HrRequiter
]]></system-out>
  </testcase>
  <testcase name="getCurrentTime" classname="com.pellisambandhalu.sanitytestcases.TC_003_VerifyScreenShotFunctionality" time="0.005">
    <system-out><![CDATA[13_37_11
]]></system-out>
    <system-err><![CDATA[Jul 18, 2024 1:37:09 PM org.openqa.selenium.devtools.CdpVersionFinder findNearestMatch
WARNING: Unable to find CDP implementation matching 126
Jul 18, 2024 1:37:09 PM org.openqa.selenium.chromium.ChromiumDriver lambda$new$5
WARNING: Unable to find version of CDP to use for 126.0.6478.182. You may need to include a dependency on a specific version of the CDP using something similar to `org.seleniumhq.selenium:selenium-devtools-v86:4.11.0` where the version ("v86") matches the version of the chromium-based browser you're using and the version number of the artifact is the same as Selenium's.
]]></system-err>
  </testcase>
  <testcase name="verifyScreenShotFunctionality" classname="com.pellisambandhalu.sanitytestcases.TC_003_VerifyScreenShotFunctionality" time="0.248"/>
  <testcase name="createFaceBook" classname="Tasks.FaceBookCreateAccountFunctionality" time="4.587">
    <system-err><![CDATA[Jul 18, 2024 1:37:14 PM org.openqa.selenium.devtools.CdpVersionFinder findNearestMatch
WARNING: Unable to find CDP implementation matching 126
Jul 18, 2024 1:37:14 PM org.openqa.selenium.chromium.ChromiumDriver lambda$new$5
WARNING: Unable to find version of CDP to use for 126.0.6478.182. You may need to include a dependency on a specific version of the CDP using something similar to `org.seleniumhq.selenium:selenium-devtools-v86:4.11.0` where the version ("v86") matches the version of the chromium-based browser you're using and the version number of the artifact is the same as Selenium's.
]]></system-err>
  </testcase>
</testsuite>