<?xml version="1.0" encoding="UTF-8"?>
<!-- Generated by org.testng.reporters.JUnitReportReporter -->
<testsuite hostname="Raja" failures="0" tests="1" name="Tasks.FaceBooksingupFunctionality" time="9.351" errors="0" timestamp="2024-07-18T12:39:45 IST" skipped="0">
  <testcase classname="Tasks.FaceBooksingupFunctionality" name="createFaceBook" time="9.351"/>
  <system-out/>
</testsuite> <!-- Tasks.FaceBooksingupFunctionality -->
