<?xml version="1.0" encoding="UTF-8"?>
<!-- Generated by org.testng.reporters.JUnitReportReporter -->
<testsuite hostname="Raja" failures="0" tests="1" name="com.pellisambandhalu.sanitytestcases.TC_003_VerifyScreenShotFunctionality" time="0.186" errors="0" timestamp="2024-07-07T12:29:23 IST" skipped="0">
  <testcase classname="com.pellisambandhalu.sanitytestcases.TC_003_VerifyScreenShotFunctionality" name="verifyScreenShotFunctionality" time="0.186"/>
  <system-out/>
</testsuite> <!-- com.pellisambandhalu.sanitytestcases.TC_003_VerifyScreenShotFunctionality -->
