<?xml version="1.0" encoding="UTF-8"?>
<!-- Generated by org.testng.reporters.JUnitReportReporter -->
<testsuite hostname="Raja" failures="0" tests="1" name="com.ps.smoketestcases.TC_001_LoginPageFunctionality" time="0.011" errors="0" timestamp="2024-07-04T11:26:56 IST" skipped="0">
  <testcase classname="com.ps.smoketestcases.TC_001_LoginPageFunctionality" name="login" time="0.011"/>
  <system-out/>
</testsuite> <!-- com.ps.smoketestcases.TC_001_LoginPageFunctionality -->
