<?xml version="1.0" encoding="UTF-8"?>
<!-- Generated by org.testng.reporters.JUnitReportReporter -->
<testsuite hostname="Raja" failures="0" tests="1" name="com.pellisambandhalu.sanitytestcases.TC_006_VerifytheFunctinalityOfWindowHandlesInLibrary" time="9.815" errors="0" timestamp="2024-07-25T11:31:53 IST" skipped="0">
  <testcase classname="com.pellisambandhalu.sanitytestcases.TC_006_VerifytheFunctinalityOfWindowHandlesInLibrary" name="switchToSpecifiedWindow" time="9.815"/>
  <system-out/>
</testsuite> <!-- com.pellisambandhalu.sanitytestcases.TC_006_VerifytheFunctinalityOfWindowHandlesInLibrary -->
