<?xml version="1.0" encoding="UTF-8"?>
<!-- Generated by org.testng.reporters.JUnitReportReporter -->
<testsuite hostname="Raja" failures="0" tests="34" name="com.pellisambandhalu.sanitytestcases.TC_001_Verify_the_functionality_ExcelData" time="0.067" errors="0" timestamp="2024-07-06T23:14:46 IST" skipped="0">
  <testcase classname="com.pellisambandhalu.sanitytestcases.TC_001_Verify_the_functionality_ExcelData" name="verifyRegisterData" time="0.001"/>
  <system-out/>
  <testcase classname="com.pellisambandhalu.sanitytestcases.TC_001_Verify_the_functionality_ExcelData" name="verifyRegisterData" time="0.002"/>
  <system-out/>
  <testcase classname="com.pellisambandhalu.sanitytestcases.TC_001_Verify_the_functionality_ExcelData" name="verifyRegisterData" time="0.003"/>
  <system-out/>
  <testcase classname="com.pellisambandhalu.sanitytestcases.TC_001_Verify_the_functionality_ExcelData" name="verifyRegisterData" time="0.001"/>
  <system-out/>
  <testcase classname="com.pellisambandhalu.sanitytestcases.TC_001_Verify_the_functionality_ExcelData" name="verifyRegisterData" time="0.002"/>
  <system-out/>
  <testcase classname="com.pellisambandhalu.sanitytestcases.TC_001_Verify_the_functionality_ExcelData" name="verifyRegisterData" time="0.003"/>
  <system-out/>
  <testcase classname="com.pellisambandhalu.sanitytestcases.TC_001_Verify_the_functionality_ExcelData" name="verifyRegisterData" time="0.002"/>
  <system-out/>
  <testcase classname="com.pellisambandhalu.sanitytestcases.TC_001_Verify_the_functionality_ExcelData" name="verifyRegisterData" time="0.002"/>
  <system-out/>
  <testcase classname="com.pellisambandhalu.sanitytestcases.TC_001_Verify_the_functionality_ExcelData" name="verifyRegisterData" time="0.002"/>
  <system-out/>
  <testcase classname="com.pellisambandhalu.sanitytestcases.TC_001_Verify_the_functionality_ExcelData" name="verifyRegisterData" time="0.012"/>
  <system-out/>
  <testcase classname="com.pellisambandhalu.sanitytestcases.TC_001_Verify_the_functionality_ExcelData" name="verifyRegisterData" time="0.001"/>
  <system-out/>
  <testcase classname="com.pellisambandhalu.sanitytestcases.TC_001_Verify_the_functionality_ExcelData" name="verifyRegisterData" time="0.002"/>
  <system-out/>
  <testcase classname="com.pellisambandhalu.sanitytestcases.TC_001_Verify_the_functionality_ExcelData" name="verifyRegisterData" time="0.002"/>
  <system-out/>
  <testcase classname="com.pellisambandhalu.sanitytestcases.TC_001_Verify_the_functionality_ExcelData" name="verifyRegisterData" time="0.001"/>
  <system-out/>
  <testcase classname="com.pellisambandhalu.sanitytestcases.TC_001_Verify_the_functionality_ExcelData" name="verifyRegisterData" time="0.001"/>
  <system-out/>
  <testcase classname="com.pellisambandhalu.sanitytestcases.TC_001_Verify_the_functionality_ExcelData" name="verifyRegisterData" time="0.002"/>
  <system-out/>
  <testcase classname="com.pellisambandhalu.sanitytestcases.TC_001_Verify_the_functionality_ExcelData" name="verifyRegisterData" time="0.002"/>
  <system-out/>
  <testcase classname="com.pellisambandhalu.sanitytestcases.TC_001_Verify_the_functionality_ExcelData" name="verifyRegisterData" time="0.002"/>
  <system-out/>
  <testcase classname="com.pellisambandhalu.sanitytestcases.TC_001_Verify_the_functionality_ExcelData" name="verifyRegisterData" time="0.001"/>
  <system-out/>
  <testcase classname="com.pellisambandhalu.sanitytestcases.TC_001_Verify_the_functionality_ExcelData" name="verifyLogInDetails" time="0.001"/>
  <system-out/>
  <testcase classname="com.pellisambandhalu.sanitytestcases.TC_001_Verify_the_functionality_ExcelData" name="verifyLogInDetails" time="0.001"/>
  <system-out/>
  <testcase classname="com.pellisambandhalu.sanitytestcases.TC_001_Verify_the_functionality_ExcelData" name="verifyLogInDetails" time="0.002"/>
  <system-out/>
  <testcase classname="com.pellisambandhalu.sanitytestcases.TC_001_Verify_the_functionality_ExcelData" name="verifyLogInDetails" time="0.002"/>
  <system-out/>
  <testcase classname="com.pellisambandhalu.sanitytestcases.TC_001_Verify_the_functionality_ExcelData" name="verifyLogInDetails" time="0.001"/>
  <system-out/>
  <testcase classname="com.pellisambandhalu.sanitytestcases.TC_001_Verify_the_functionality_ExcelData" name="verifyLogInDetails" time="0.001"/>
  <system-out/>
  <testcase classname="com.pellisambandhalu.sanitytestcases.TC_001_Verify_the_functionality_ExcelData" name="verifyLogInDetails" time="0.002"/>
  <system-out/>
  <testcase classname="com.pellisambandhalu.sanitytestcases.TC_001_Verify_the_functionality_ExcelData" name="verifyLogInDetails" time="0.003"/>
  <system-out/>
  <testcase classname="com.pellisambandhalu.sanitytestcases.TC_001_Verify_the_functionality_ExcelData" name="verifyEmpDetails" time="0.001"/>
  <system-out/>
  <testcase classname="com.pellisambandhalu.sanitytestcases.TC_001_Verify_the_functionality_ExcelData" name="verifyEmpDetails" time="0.002"/>
  <system-out/>
  <testcase classname="com.pellisambandhalu.sanitytestcases.TC_001_Verify_the_functionality_ExcelData" name="verifyEmpDetails" time="0.001"/>
  <system-out/>
  <testcase classname="com.pellisambandhalu.sanitytestcases.TC_001_Verify_the_functionality_ExcelData" name="verifyEmpDetails" time="0.002"/>
  <system-out/>
  <testcase classname="com.pellisambandhalu.sanitytestcases.TC_001_Verify_the_functionality_ExcelData" name="verifyEmpDetails" time="0.001"/>
  <system-out/>
  <testcase classname="com.pellisambandhalu.sanitytestcases.TC_001_Verify_the_functionality_ExcelData" name="verifyEmpDetails" time="0.001"/>
  <system-out/>
  <testcase classname="com.pellisambandhalu.sanitytestcases.TC_001_Verify_the_functionality_ExcelData" name="verifyEmpDetails" time="0.002"/>
  <system-out/>
</testsuite> <!-- com.pellisambandhalu.sanitytestcases.TC_001_Verify_the_functionality_ExcelData -->
