<?xml version="1.0" encoding="UTF-8"?>
<!-- Generated by org.testng.reporters.JUnitReportReporter -->
<testsuite hostname="Raja" failures="0" tests="1" name="com.pellisambandhalu.sanitytestcases.TC_002VerifyPropertiesFileFunctionality" time="0.012" errors="0" timestamp="2024-07-06T23:33:38 IST" skipped="0">
  <testcase classname="com.pellisambandhalu.sanitytestcases.TC_002VerifyPropertiesFileFunctionality" name="getObjectRepoData" time="0.012"/>
  <system-out/>
</testsuite> <!-- com.pellisambandhalu.sanitytestcases.TC_002VerifyPropertiesFileFunctionality -->
