<?xml version="1.0" encoding="UTF-8"?>
<!-- Generated by org.testng.reporters.JUnitReportReporter -->
<testsuite hostname="Raja" failures="0" tests="1" name="com.pellisambandhalu.sanitytestcases.TC_007_VerifyFunctionalityOfIFrames" time="12.228" errors="0" timestamp="2024-07-26T23:46:18 IST" skipped="0">
  <testcase classname="com.pellisambandhalu.sanitytestcases.TC_007_VerifyFunctionalityOfIFrames" name="verifyNestedFrames" time="12.228"/>
  <system-out/>
</testsuite> <!-- com.pellisambandhalu.sanitytestcases.TC_007_VerifyFunctionalityOfIFrames -->
