<?xml version="1.0" encoding="UTF-8"?>
<!-- Generated by org.testng.reporters.JUnitReportReporter -->
<testsuite hostname="Raja" failures="0" tests="1" name="Tasks.FaceBookCreateAccountFunctionality" time="6.710" errors="0" timestamp="2024-07-18T13:26:10 IST" skipped="0">
  <testcase classname="Tasks.FaceBookCreateAccountFunctionality" name="createFaceBook" time="6.710"/>
  <system-out/>
</testsuite> <!-- Tasks.FaceBookCreateAccountFunctionality -->
