<?xml version="1.0" encoding="UTF-8"?>
<!-- Generated by org.testng.reporters.JUnitReportReporter -->
<testsuite hostname="Raja" failures="0" tests="3" name="com.pellisambandhalu.sanitytestcases.TC_004_VerifyBaseClassFuncationality" time="24.776" errors="0" timestamp="2024-07-07T14:35:20 IST" skipped="0">
  <testcase classname="com.pellisambandhalu.sanitytestcases.TC_004_VerifyBaseClassFuncationality" name="setUpChrome" time="7.680"/>
  <system-out/>
  <testcase classname="com.pellisambandhalu.sanitytestcases.TC_004_VerifyBaseClassFuncationality" name="setUpFireFox" time="10.020"/>
  <system-out/>
  <testcase classname="com.pellisambandhalu.sanitytestcases.TC_004_VerifyBaseClassFuncationality" name="setUpEdge" time="7.076"/>
  <system-out/>
</testsuite> <!-- com.pellisambandhalu.sanitytestcases.TC_004_VerifyBaseClassFuncationality -->
